mode: set
github.com/jair/bulkdownload/api/handlers.go:25.58,26.54 1 1
github.com/jair/bulkdownload/api/handlers.go:26.54,27.34 1 1
github.com/jair/bulkdownload/api/handlers.go:27.34,30.4 2 0
github.com/jair/bulkdownload/api/handlers.go:32.3,33.62 2 1
github.com/jair/bulkdownload/api/handlers.go:33.62,36.4 2 0
github.com/jair/bulkdownload/api/handlers.go:37.3,37.26 1 1
github.com/jair/bulkdownload/api/handlers.go:37.26,40.4 2 0
github.com/jair/bulkdownload/api/handlers.go:42.3,42.31 1 1
github.com/jair/bulkdownload/api/handlers.go:42.31,43.40 1 1
github.com/jair/bulkdownload/api/handlers.go:43.40,46.5 2 1
github.com/jair/bulkdownload/api/handlers.go:49.3,60.5 7 1
github.com/jair/bulkdownload/api/handlers.go:64.55,65.54 1 1
github.com/jair/bulkdownload/api/handlers.go:65.54,67.15 2 1
github.com/jair/bulkdownload/api/handlers.go:67.15,70.4 2 0
github.com/jair/bulkdownload/api/handlers.go:72.3,73.10 2 1
github.com/jair/bulkdownload/api/handlers.go:73.10,77.4 3 0
github.com/jair/bulkdownload/api/handlers.go:78.3,81.37 3 1
github.com/jair/bulkdownload/api/handlers.go:85.57,86.54 1 1
github.com/jair/bulkdownload/api/handlers.go:86.54,88.15 2 1
github.com/jair/bulkdownload/api/handlers.go:88.15,91.4 2 0
github.com/jair/bulkdownload/api/handlers.go:93.3,94.10 2 1
github.com/jair/bulkdownload/api/handlers.go:94.10,98.4 3 0
github.com/jair/bulkdownload/api/handlers.go:99.3,99.36 1 1
github.com/jair/bulkdownload/api/handlers.go:99.36,103.4 3 0
github.com/jair/bulkdownload/api/handlers.go:105.3,108.32 4 1
github.com/jair/bulkdownload/main.go:12.13,15.59 2 0
github.com/jair/bulkdownload/main.go:15.59,17.3 1 0
github.com/jair/bulkdownload/main.go:19.2,28.16 8 0
github.com/jair/bulkdownload/main.go:28.16,30.3 1 0
github.com/jair/bulkdownload/main.go:32.2,34.47 3 0
github.com/jair/bulkdownload/core/cleanup.go:10.33,13.12 2 1
github.com/jair/bulkdownload/core/cleanup.go:13.12,14.22 1 1
github.com/jair/bulkdownload/core/cleanup.go:14.22,17.24 3 1
github.com/jair/bulkdownload/core/cleanup.go:17.24,19.5 1 1
github.com/jair/bulkdownload/core/cleanup.go:21.4,21.32 1 1
github.com/jair/bulkdownload/core/cleanup.go:21.32,22.27 1 1
github.com/jair/bulkdownload/core/cleanup.go:22.27,24.67 2 1
github.com/jair/bulkdownload/core/cleanup.go:24.67,26.7 1 0
github.com/jair/bulkdownload/core/cleanup.go:26.12,28.7 1 1
github.com/jair/bulkdownload/core/cleanup.go:31.5,32.25 2 1
github.com/jair/bulkdownload/core/config.go:22.19,23.63 1 1
github.com/jair/bulkdownload/core/config.go:23.63,25.3 1 0
github.com/jair/bulkdownload/core/config.go:27.2,29.58 3 1
github.com/jair/bulkdownload/core/config.go:32.72,34.24 2 1
github.com/jair/bulkdownload/core/config.go:34.24,36.3 1 1
github.com/jair/bulkdownload/core/config.go:38.2,39.16 2 1
github.com/jair/bulkdownload/core/config.go:39.16,42.3 2 1
github.com/jair/bulkdownload/core/config.go:44.2,44.17 1 1
github.com/jair/bulkdownload/core/store.go:31.24,33.2 1 1
github.com/jair/bulkdownload/core/store.go:35.34,42.2 1 1
github.com/jair/bulkdownload/core/store.go:44.31,48.2 3 1
github.com/jair/bulkdownload/core/store.go:50.45,55.2 4 1
github.com/jair/bulkdownload/core/store.go:57.35,61.2 3 1
github.com/jair/bulkdownload/core/store.go:63.34,69.27 5 1
github.com/jair/bulkdownload/core/store.go:69.27,70.29 1 1
github.com/jair/bulkdownload/core/store.go:70.29,72.4 1 1
github.com/jair/bulkdownload/core/store.go:75.2,75.12 1 1
github.com/jair/bulkdownload/core/zip.go:13.41,26.54 10 1
github.com/jair/bulkdownload/core/zip.go:26.54,33.3 6 1
github.com/jair/bulkdownload/core/zip.go:35.2,40.52 5 1
github.com/jair/bulkdownload/core/zip.go:43.51,45.16 2 1
github.com/jair/bulkdownload/core/zip.go:45.16,47.3 1 0
github.com/jair/bulkdownload/core/zip.go:48.2,53.29 4 1
github.com/jair/bulkdownload/core/zip.go:53.29,54.48 1 1
github.com/jair/bulkdownload/core/zip.go:54.48,56.4 1 1
github.com/jair/bulkdownload/core/zip.go:59.2,59.12 1 1
github.com/jair/bulkdownload/core/zip.go:62.54,64.16 2 1
github.com/jair/bulkdownload/core/zip.go:64.16,66.3 1 1
github.com/jair/bulkdownload/core/zip.go:67.2,70.16 3 1
github.com/jair/bulkdownload/core/zip.go:70.16,72.3 1 0
github.com/jair/bulkdownload/core/zip.go:74.2,75.16 2 1
github.com/jair/bulkdownload/core/zip.go:75.16,77.3 1 0
github.com/jair/bulkdownload/core/zip.go:78.2,82.16 4 1
github.com/jair/bulkdownload/core/zip.go:82.16,84.3 1 0
github.com/jair/bulkdownload/core/zip.go:86.2,87.12 2 1
